<?xml version="1.0" encoding="UTF-8"?>
<testng-results skipped="0" failed="0" total="0" passed="0">
  <reporter-output>
  </reporter-output>
  <suite name="com.ljk.ioc.IocTest" duration-ms="1" started-at="2022-11-25T04:38:07Z" finished-at="2022-11-25T04:38:07Z">
    <groups>
    </groups>
    <test name="Command line test" duration-ms="1" started-at="2022-11-25T04:38:07Z" finished-at="2022-11-25T04:38:07Z">
    </test> <!-- Command line test -->
  </suite> <!-- com.ljk.ioc.IocTest -->
</testng-results>
